{"numFailedTestSuites":1,"numFailedTests":1,"numPassedTestSuites":18,"numPassedTests":196,"numPendingTestSuites":0,"numPendingTests":0,"numRuntimeErrorTestSuites":0,"numTodoTests":0,"numTotalTestSuites":19,"numTotalTests":197,"openHandles":[],"snapshot":{"added":0,"didUpdate":false,"failure":false,"filesAdded":0,"filesRemoved":0,"filesRemovedList":[],"filesUnmatched":0,"filesUpdated":0,"matched":0,"total":0,"unchecked":0,"uncheckedKeysByFile":[],"unmatched":0,"updated":0},"startTime":1772821817128,"success":false,"testResults":[{"assertionResults":[{"ancestorTitles":["Auth Middleware","requireAuth"],"duration":6,"failing":false,"failureDetails":[],"failureMessages":[],"fullName":"Auth Middleware requireAuth should call next() and attach user for a valid token","invocations":1,"location":null,"numPassingAsserts":4,"retryReasons":[],"startAt":1772821824106,"status":"passed","title":"should call next() and attach user for a valid token"},{"ancestorTitles":["Auth Middleware","requireAuth"],"duration":2,"failing":false,"failureDetails":[],"failureMessages":[],"fullName":"Auth Middleware requireAuth should return 401 if no authorization header is present","invocations":1,"location":null,"numPassingAsserts":3,"retryReasons":[],"startAt":1772821824119,"status":"passed","title":"should return 401 if no authorization header is present"},{"ancestorTitles":["Auth Middleware","requireAuth"],"duration":1,"failing":false,"failureDetails":[],"failureMessages":[],"fullName":"Auth Middleware requireAuth should return 401 for an invalid or expired token","invocations":1,"location":null,"numPassingAsserts":3,"retryReasons":[],"startAt":1772821824122,"status":"passed","title":"should return 401 for an invalid or expired token"},{"ancestorTitles":["Auth Middleware","requireSuperAdmin"],"duration":1,"failing":false,"failureDetails":[],"failureMessages":[],"fullName":"Auth Middleware requireSuperAdmin should call next() if user is a super admin","invocations":1,"location":null,"numPassingAsserts":2,"retryReasons":[],"startAt":1772821824123,"status":"passed","title":"should call next() if user is a super admin"},{"ancestorTitles":["Auth Middleware","requireSuperAdmin"],"duration":0,"failing":false,"failureDetails":[],"failureMessages":[],"fullName":"Auth Middleware requireSuperAdmin should return 403 if user is not a super admin","invocations":1,"location":null,"numPassingAsserts":3,"retryReasons":[],"startAt":1772821824124,"status":"passed","title":"should return 403 if user is not a super admin"},{"ancestorTitles":["Auth Middleware","requireStoreAdmin"],"duration":1,"failing":false,"failureDetails":[],"failureMessages":[],"fullName":"Auth Middleware requireStoreAdmin should call next() for a store admin with matching storeId","invocations":1,"location":null,"numPassingAsserts":1,"retryReasons":[],"startAt":1772821824124,"status":"passed","title":"should call next() for a store admin with matching storeId"},{"ancestorTitles":["Auth Middleware","requireStoreAdmin"],"duration":0,"failing":false,"failureDetails":[],"failureMessages":[],"fullName":"Auth Middleware requireStoreAdmin should return 403 for a store admin with mismatched storeId","invocations":1,"location":null,"numPassingAsserts":3,"retryReasons":[],"startAt":1772821824125,"status":"passed","title":"should return 403 for a store admin with mismatched storeId"},{"ancestorTitles":["Auth Middleware","requireStoreAdmin"],"duration":0,"failing":false,"failureDetails":[],"failureMessages":[],"fullName":"Auth Middleware requireStoreAdmin should return 403 if the user is a super admin","invocations":1,"location":null,"numPassingAsserts":3,"retryReasons":[],"startAt":1772821824125,"status":"passed","title":"should return 403 if the user is a super admin"},{"ancestorTitles":["Auth Middleware","requireAdminOrSuperAdmin"],"duration":4,"failing":false,"failureDetails":[],"failureMessages":[],"fullName":"Auth Middleware requireAdminOrSuperAdmin should call next() for a super admin","invocations":1,"location":null,"numPassingAsserts":1,"retryReasons":[],"startAt":1772821824125,"status":"passed","title":"should call next() for a super admin"},{"ancestorTitles":["Auth Middleware","requireAdminOrSuperAdmin"],"duration":1,"failing":false,"failureDetails":[],"failureMessages":[],"fullName":"Auth Middleware requireAdminOrSuperAdmin should call next() for a store admin with matching storeId","invocations":1,"location":null,"numPassingAsserts":1,"retryReasons":[],"startAt":1772821824129,"status":"passed","title":"should call next() for a store admin with matching storeId"},{"ancestorTitles":["Auth Middleware","requireAdminOrSuperAdmin"],"duration":0,"failing":false,"failureDetails":[],"failureMessages":[],"fullName":"Auth Middleware requireAdminOrSuperAdmin should return 403 for a store admin with mismatched storeId","invocations":1,"location":null,"numPassingAsserts":3,"retryReasons":[],"startAt":1772821824130,"status":"passed","title":"should return 403 for a store admin with mismatched storeId"},{"ancestorTitles":["Auth Middleware","optionalAuth"],"duration":0,"failing":false,"failureDetails":[],"failureMessages":[],"fullName":"Auth Middleware optionalAuth should attach user and call next() for a valid token","invocations":1,"location":null,"numPassingAsserts":3,"retryReasons":[],"startAt":1772821824131,"status":"passed","title":"should attach user and call next() for a valid token"},{"ancestorTitles":["Auth Middleware","optionalAuth"],"duration":0,"failing":false,"failureDetails":[],"failureMessages":[],"fullName":"Auth Middleware optionalAuth should call next() without a user for an invalid token","invocations":1,"location":null,"numPassingAsserts":3,"retryReasons":[],"startAt":1772821824131,"status":"passed","title":"should call next() without a user for an invalid token"},{"ancestorTitles":["Auth Middleware","optionalAuth"],"duration":0,"failing":false,"failureDetails":[],"failureMessages":[],"fullName":"Auth Middleware optionalAuth should call next() without a user if no header is present","invocations":1,"location":null,"numPassingAsserts":3,"retryReasons":[],"startAt":1772821824131,"status":"passed","title":"should call next() without a user if no header is present"}],"endTime":1772821824132,"message":"","name":"/Users/noahweirdo/ecommerce-builder/services/api/src/middleware/auth.test.ts","startTime":1772821817553,"status":"passed","summary":""},{"assertionResults":[{"ancestorTitles":["Gemini Service","processChat"],"duration":36,"failing":false,"failureDetails":[],"failureMessages":[],"fullName":"Gemini Service processChat should process a chat message and return clean text","invocations":1,"location":null,"numPassingAsserts":4,"retryReasons":[],"startAt":1772821824242,"status":"passed","title":"should process a chat message and return clean text"},{"ancestorTitles":["Gemini Service","processChat"],"duration":2,"failing":false,"failureDetails":[],"failureMessages":[],"fullName":"Gemini Service processChat should parse an action block from the response","invocations":1,"location":null,"numPassingAsserts":2,"retryReasons":[],"startAt":1772821824278,"status":"passed","title":"should parse an action block from the response"},{"ancestorTitles":["Gemini Service","processChat"],"duration":26,"failing":false,"failureDetails":[],"failureMessages":[],"fullName":"Gemini Service processChat should handle invalid JSON in an action block gracefully","invocations":1,"location":null,"numPassingAsserts":2,"retryReasons":[],"startAt":1772821824281,"status":"passed","title":"should handle invalid JSON in an action block gracefully"},{"ancestorTitles":["Gemini Service","processChat"],"duration":4,"failing":false,"failureDetails":[],"failureMessages":[],"fullName":"Gemini Service processChat should handle errors gracefully returning a fallback message","invocations":1,"location":null,"numPassingAsserts":2,"retryReasons":[],"startAt":1772821824307,"status":"passed","title":"should handle errors gracefully returning a fallback message"},{"ancestorTitles":["Gemini Service","processChat"],"duration":0,"failing":false,"failureDetails":[],"failureMessages":[],"fullName":"Gemini Service processChat should process an audio payload correctly","invocations":1,"location":null,"numPassingAsserts":2,"retryReasons":[],"startAt":1772821824312,"status":"passed","title":"should process an audio payload correctly"},{"ancestorTitles":["Gemini Service","getEventRecommendations"],"duration":2,"failing":false,"failureDetails":[],"failureMessages":[],"fullName":"Gemini Service getEventRecommendations should generate valid recommendations JSON","invocations":1,"location":null,"numPassingAsserts":3,"retryReasons":[],"startAt":1772821824312,"status":"passed","title":"should generate valid recommendations JSON"},{"ancestorTitles":["Gemini Service","getEventRecommendations"],"duration":1,"failing":false,"failureDetails":[],"failureMessages":[],"fullName":"Gemini Service getEventRecommendations should handle invalid JSON from model","invocations":1,"location":null,"numPassingAsserts":1,"retryReasons":[],"startAt":1772821824314,"status":"passed","title":"should handle invalid JSON from model"},{"ancestorTitles":["Gemini Service","getEventRecommendations"],"duration":4,"failing":false,"failureDetails":[],"failureMessages":[],"fullName":"Gemini Service getEventRecommendations should handle model errors gracefully","invocations":1,"location":null,"numPassingAsserts":1,"retryReasons":[],"startAt":1772821824315,"status":"passed","title":"should handle model errors gracefully"}],"endTime":1772821824321,"message":"","name":"/Users/noahweirdo/ecommerce-builder/services/api/src/services/gemini.test.ts","startTime":1772821817609,"status":"passed","summary":""},{"assertionResults":[{"ancestorTitles":["OrderService","createOrder"],"duration":60,"failing":false,"failureDetails":[],"failureMessages":[],"fullName":"OrderService createOrder creates an order, updates the order number, and decrements stock","invocations":1,"location":null,"numPassingAsserts":4,"retryReasons":[],"startAt":1772821824314,"status":"passed","title":"creates an order, updates the order number, and decrements stock"},{"ancestorTitles":["OrderService","createOrder"],"duration":26,"failing":false,"failureDetails":[],"failureMessages":[],"fullName":"OrderService createOrder throws NotFoundError when a product in the order does not exist","invocations":1,"location":null,"numPassingAsserts":1,"retryReasons":[],"startAt":1772821824374,"status":"passed","title":"throws NotFoundError when a product in the order does not exist"},{"ancestorTitles":["OrderService","createOrder"],"duration":1,"failing":false,"failureDetails":[],"failureMessages":[],"fullName":"OrderService createOrder throws InsufficientStockError when requested quantity exceeds stock","invocations":1,"location":null,"numPassingAsserts":1,"retryReasons":[],"startAt":1772821824401,"status":"passed","title":"throws InsufficientStockError when requested quantity exceeds stock"},{"ancestorTitles":["OrderService","createOrder"],"duration":1,"failing":false,"failureDetails":[],"failureMessages":[],"fullName":"OrderService createOrder does not decrement stock for products with trackStock=false","invocations":1,"location":null,"numPassingAsserts":1,"retryReasons":[],"startAt":1772821824402,"status":"passed","title":"does not decrement stock for products with trackStock=false"},{"ancestorTitles":["OrderService","createOrder"],"duration":1,"failing":false,"failureDetails":[],"failureMessages":[],"fullName":"OrderService createOrder calculates subtotal, tax, and shipping correctly","invocations":1,"location":null,"numPassingAsserts":3,"retryReasons":[],"startAt":1772821824403,"status":"passed","title":"calculates subtotal, tax, and shipping correctly"},{"ancestorTitles":["OrderService","createOrder"],"duration":7,"failing":false,"failureDetails":[],"failureMessages":[],"fullName":"OrderService createOrder applies free shipping when subtotal meets the free shipping threshold","invocations":1,"location":null,"numPassingAsserts":1,"retryReasons":[],"startAt":1772821824404,"status":"passed","title":"applies free shipping when subtotal meets the free shipping threshold"},{"ancestorTitles":["OrderService","createOrder"],"duration":0,"failing":false,"failureDetails":[],"failureMessages":[],"fullName":"OrderService createOrder encrypts customer PII before storing","invocations":1,"location":null,"numPassingAsserts":2,"retryReasons":[],"startAt":1772821824411,"status":"passed","title":"encrypts customer PII before storing"},{"ancestorTitles":["OrderService","createOrder"],"duration":1,"failing":false,"failureDetails":[],"failureMessages":[],"fullName":"OrderService createOrder applies B2B price override from user company price list","invocations":1,"location":null,"numPassingAsserts":1,"retryReasons":[],"startAt":1772821824411,"status":"passed","title":"applies B2B price override from user company price list"},{"ancestorTitles":["OrderService","listOrders"],"duration":0,"failing":false,"failureDetails":[],"failureMessages":[],"fullName":"OrderService listOrders returns decrypted orders with pagination metadata","invocations":1,"location":null,"numPassingAsserts":4,"retryReasons":[],"startAt":1772821824412,"status":"passed","title":"returns decrypted orders with pagination metadata"},{"ancestorTitles":["OrderService","listOrders"],"duration":0,"failing":false,"failureDetails":[],"failureMessages":[],"fullName":"OrderService listOrders decrypts phone and address when present","invocations":1,"location":null,"numPassingAsserts":2,"retryReasons":[],"startAt":1772821824412,"status":"passed","title":"decrypts phone and address when present"},{"ancestorTitles":["OrderService","listOrders"],"duration":0,"failing":false,"failureDetails":[],"failureMessages":[],"fullName":"OrderService listOrders handles null phone gracefully","invocations":1,"location":null,"numPassingAsserts":1,"retryReasons":[],"startAt":1772821824412,"status":"passed","title":"handles null phone gracefully"},{"ancestorTitles":["OrderService","listOrders"],"duration":0,"failing":false,"failureDetails":[],"failureMessages":[],"fullName":"OrderService listOrders filters by status when provided","invocations":1,"location":null,"numPassingAsserts":1,"retryReasons":[],"startAt":1772821824412,"status":"passed","title":"filters by status when provided"},{"ancestorTitles":["OrderService","getOrderById"],"duration":10,"failing":false,"failureDetails":[],"failureMessages":[],"fullName":"OrderService getOrderById returns a decrypted order when found","invocations":1,"location":null,"numPassingAsserts":3,"retryReasons":[],"startAt":1772821824412,"status":"passed","title":"returns a decrypted order when found"},{"ancestorTitles":["OrderService","getOrderById"],"duration":1,"failing":false,"failureDetails":[],"failureMessages":[],"fullName":"OrderService getOrderById throws NotFoundError when the order does not exist","invocations":1,"location":null,"numPassingAsserts":1,"retryReasons":[],"startAt":1772821824422,"status":"passed","title":"throws NotFoundError when the order does not exist"},{"ancestorTitles":["OrderService","updateOrderStatus"],"duration":5,"failing":false,"failureDetails":[],"failureMessages":[],"fullName":"OrderService updateOrderStatus updates status and returns id, status, and trackingNumber","invocations":1,"location":null,"numPassingAsserts":1,"retryReasons":[],"startAt":1772821824423,"status":"passed","title":"updates status and returns id, status, and trackingNumber"},{"ancestorTitles":["OrderService","updateOrderStatus"],"duration":1,"failing":false,"failureDetails":[],"failureMessages":[],"fullName":"OrderService updateOrderStatus sets shippedAt timestamp when status is SHIPPED","invocations":1,"location":null,"numPassingAsserts":2,"retryReasons":[],"startAt":1772821824428,"status":"passed","title":"sets shippedAt timestamp when status is SHIPPED"},{"ancestorTitles":["OrderService","updateOrderStatus"],"duration":2,"failing":false,"failureDetails":[],"failureMessages":[],"fullName":"OrderService updateOrderStatus sets deliveredAt timestamp when status is DELIVERED","invocations":1,"location":null,"numPassingAsserts":1,"retryReasons":[],"startAt":1772821824429,"status":"passed","title":"sets deliveredAt timestamp when status is DELIVERED"},{"ancestorTitles":["OrderService","updateOrderStatus"],"duration":2,"failing":false,"failureDetails":[],"failureMessages":[],"fullName":"OrderService updateOrderStatus does not set shippedAt or deliveredAt for other statuses","invocations":1,"location":null,"numPassingAsserts":2,"retryReasons":[],"startAt":1772821824431,"status":"passed","title":"does not set shippedAt or deliveredAt for other statuses"},{"ancestorTitles":["OrderService","updateOrderStatus"],"duration":0,"failing":false,"failureDetails":[],"failureMessages":[],"fullName":"OrderService updateOrderStatus throws NotFoundError when the order does not exist","invocations":1,"location":null,"numPassingAsserts":1,"retryReasons":[],"startAt":1772821824433,"status":"passed","title":"throws NotFoundError when the order does not exist"}],"endTime":1772821824435,"message":"","name":"/Users/noahweirdo/ecommerce-builder/services/api/src/services/order.service.test.ts","startTime":1772821817594,"status":"passed","summary":""},{"assertionResults":[{"ancestorTitles":["Security Middleware","requestLogger"],"duration":7,"failing":false,"failureDetails":[],"failureMessages":[],"fullName":"Security Middleware requestLogger calls next()","invocations":1,"location":null,"numPassingAsserts":1,"retryReasons":[],"startAt":1772821824434,"status":"passed","title":"calls next()"},{"ancestorTitles":["Security Middleware","requestLogger"],"duration":1,"failing":false,"failureDetails":[],"failureMessages":[],"fullName":"Security Middleware requestLogger generates and attaches an x-trace-id when none is present","invocations":1,"location":null,"numPassingAsserts":2,"retryReasons":[],"startAt":1772821824441,"status":"passed","title":"generates and attaches an x-trace-id when none is present"},{"ancestorTitles":["Security Middleware","requestLogger"],"duration":0,"failing":false,"failureDetails":[],"failureMessages":[],"fullName":"Security Middleware requestLogger preserves an existing x-trace-id header","invocations":1,"location":null,"numPassingAsserts":1,"retryReasons":[],"startAt":1772821824442,"status":"passed","title":"preserves an existing x-trace-id header"},{"ancestorTitles":["Security Middleware","requestLogger"],"duration":89,"failing":false,"failureDetails":[],"failureMessages":[],"fullName":"Security Middleware requestLogger increments the request count when the response finishes","invocations":1,"location":null,"numPassingAsserts":1,"retryReasons":[],"startAt":1772821824442,"status":"passed","title":"increments the request count when the response finishes"},{"ancestorTitles":["Security Middleware","requestLogger"],"duration":12,"failing":false,"failureDetails":[],"failureMessages":[],"fullName":"Security Middleware requestLogger resets the request count to 0 after reading","invocations":1,"location":null,"numPassingAsserts":1,"retryReasons":[],"startAt":1772821824531,"status":"passed","title":"resets the request count to 0 after reading"},{"ancestorTitles":["Security Middleware","responseTime"],"duration":0,"failing":false,"failureDetails":[],"failureMessages":[],"fullName":"Security Middleware responseTime calls next()","invocations":1,"location":null,"numPassingAsserts":1,"retryReasons":[],"startAt":1772821824544,"status":"passed","title":"calls next()"},{"ancestorTitles":["Security Middleware","responseTime"],"duration":3,"failing":false,"failureDetails":[{"matcherResult":{"message":"expect(jest.fn()).toHaveBeenCalledWith(...expected)\n\nExpected: \"X-Response-Time\", StringMatching /^\\d+(\\.\\d+)?ms$/\n\nNumber of calls: 0","pass":false}}],"failureMessages":["Error: expect(jest.fn()).toHaveBeenCalledWith(...expected)\n\nExpected: \"X-Response-Time\", StringMatching /^\\d+(\\.\\d+)?ms$/\n\nNumber of calls: 0\n    at Object.<anonymous> (/Users/noahweirdo/ecommerce-builder/services/api/src/middleware/security.test.ts:95:29)\n    at Promise.finally.completed (/Users/noahweirdo/ecommerce-builder/node_modules/jest-circus/build/jestAdapterInit.js:1557:28)\n    at new Promise (<anonymous>)\n    at callAsyncCircusFn (/Users/noahweirdo/ecommerce-builder/node_modules/jest-circus/build/jestAdapterInit.js:1497:10)\n    at _callCircusTest (/Users/noahweirdo/ecommerce-builder/node_modules/jest-circus/build/jestAdapterInit.js:1007:40)\n    at _runTest (/Users/noahweirdo/ecommerce-builder/node_modules/jest-circus/build/jestAdapterInit.js:947:3)\n    at /Users/noahweirdo/ecommerce-builder/node_modules/jest-circus/build/jestAdapterInit.js:849:7\n    at _runTestsForDescribeBlock (/Users/noahweirdo/ecommerce-builder/node_modules/jest-circus/build/jestAdapterInit.js:862:11)\n    at _runTestsForDescribeBlock (/Users/noahweirdo/ecommerce-builder/node_modules/jest-circus/build/jestAdapterInit.js:857:11)\n    at _runTestsForDescribeBlock (/Users/noahweirdo/ecommerce-builder/node_modules/jest-circus/build/jestAdapterInit.js:857:11)\n    at run (/Users/noahweirdo/ecommerce-builder/node_modules/jest-circus/build/jestAdapterInit.js:761:3)\n    at runAndTransformResultsToJestFormat (/Users/noahweirdo/ecommerce-builder/node_modules/jest-circus/build/jestAdapterInit.js:1918:21)\n    at jestAdapter (/Users/noahweirdo/ecommerce-builder/node_modules/jest-circus/build/runner.js:101:19)\n    at runTestInternal (/Users/noahweirdo/ecommerce-builder/node_modules/jest-runner/build/testWorker.js:275:16)\n    at runTest (/Users/noahweirdo/ecommerce-builder/node_modules/jest-runner/build/testWorker.js:343:7)\n    at Object.worker (/Users/noahweirdo/ecommerce-builder/node_modules/jest-runner/build/testWorker.js:497:12)"],"fullName":"Security Middleware responseTime sets the X-Response-Time header when the response finishes","invocations":1,"location":null,"numPassingAsserts":0,"retryReasons":[],"startAt":1772821824544,"status":"failed","title":"sets the X-Response-Time header when the response finishes"},{"ancestorTitles":["Security Middleware","scrubPIIForSuperAdmin"],"duration":2,"failing":false,"failureDetails":[],"failureMessages":[],"fullName":"Security Middleware scrubPIIForSuperAdmin calls next()","invocations":1,"location":null,"numPassingAsserts":1,"retryReasons":[],"startAt":1772821824622,"status":"passed","title":"calls next()"},{"ancestorTitles":["Security Middleware","scrubPIIForSuperAdmin"],"duration":1,"failing":false,"failureDetails":[],"failureMessages":[],"fullName":"Security Middleware scrubPIIForSuperAdmin passes response body through unchanged for non-super-admin users","invocations":1,"location":null,"numPassingAsserts":1,"retryReasons":[],"startAt":1772821824624,"status":"passed","title":"passes response body through unchanged for non-super-admin users"},{"ancestorTitles":["Security Middleware","scrubPIIForSuperAdmin"],"duration":0,"failing":false,"failureDetails":[],"failureMessages":[],"fullName":"Security Middleware scrubPIIForSuperAdmin redacts known PII fields in responses for super admins","invocations":1,"location":null,"numPassingAsserts":1,"retryReasons":[],"startAt":1772821824625,"status":"passed","title":"redacts known PII fields in responses for super admins"},{"ancestorTitles":["Security Middleware","scrubPIIForSuperAdmin"],"duration":1,"failing":false,"failureDetails":[],"failureMessages":[],"fullName":"Security Middleware scrubPIIForSuperAdmin redacts PII inside nested arrays for super admins","invocations":1,"location":null,"numPassingAsserts":1,"retryReasons":[],"startAt":1772821824626,"status":"passed","title":"redacts PII inside nested arrays for super admins"},{"ancestorTitles":["Security Middleware","scrubPIIForSuperAdmin"],"duration":1,"failing":false,"failureDetails":[],"failureMessages":[],"fullName":"Security Middleware scrubPIIForSuperAdmin redacts the password field for super admins","invocations":1,"location":null,"numPassingAsserts":1,"retryReasons":[],"startAt":1772821824627,"status":"passed","title":"redacts the password field for super admins"},{"ancestorTitles":["Security Middleware","scrubPIIForSuperAdmin"],"duration":0,"failing":false,"failureDetails":[],"failureMessages":[],"fullName":"Security Middleware scrubPIIForSuperAdmin leaves non-PII fields untouched for super admins","invocations":1,"location":null,"numPassingAsserts":1,"retryReasons":[],"startAt":1772821824628,"status":"passed","title":"leaves non-PII fields untouched for super admins"}],"endTime":1772821824754,"message":"  ● Security Middleware › responseTime › sets the X-Response-Time header when the response finishes\n\n    expect(jest.fn()).toHaveBeenCalledWith(...expected)\n\n    Expected: \"X-Response-Time\", StringMatching /^\\d+(\\.\\d+)?ms$/\n\n    Number of calls: 0\n\n      93 |       responseTime(makeReq(), res, mockNext);\n      94 |       res._emit('finish');\n    > 95 |       expect(res.setHeader).toHaveBeenCalledWith(\n         |                             ^\n      96 |         'X-Response-Time',\n      97 |         expect.stringMatching(/^\\d+(\\.\\d+)?ms$/)\n      98 |       );\n\n      at Object.<anonymous> (src/middleware/security.test.ts:95:29)\n","name":"/Users/noahweirdo/ecommerce-builder/services/api/src/middleware/security.test.ts","startTime":1772821817544,"status":"failed","summary":""},{"assertionResults":[{"ancestorTitles":["Anomaly Service","detectAnomaly"],"duration":5,"failing":false,"failureDetails":[],"failureMessages":[],"fullName":"Anomaly Service detectAnomaly returns isAnomaly=false and klDivergence=0 when there are fewer than 3 data points","invocations":1,"location":null,"numPassingAsserts":3,"retryReasons":[],"startAt":1772821824777,"status":"passed","title":"returns isAnomaly=false and klDivergence=0 when there are fewer than 3 data points"},{"ancestorTitles":["Anomaly Service","detectAnomaly"],"duration":2,"failing":false,"failureDetails":[],"failureMessages":[],"fullName":"Anomaly Service detectAnomaly returns isAnomaly=false when current and baseline distributions are similar","invocations":1,"location":null,"numPassingAsserts":3,"retryReasons":[],"startAt":1772821824782,"status":"passed","title":"returns isAnomaly=false when current and baseline distributions are similar"},{"ancestorTitles":["Anomaly Service","detectAnomaly"],"duration":2,"failing":false,"failureDetails":[],"failureMessages":[],"fullName":"Anomaly Service detectAnomaly detects an anomaly when current distribution diverges significantly from baseline","invocations":1,"location":null,"numPassingAsserts":3,"retryReasons":[],"startAt":1772821824784,"status":"passed","title":"detects an anomaly when current distribution diverges significantly from baseline"},{"ancestorTitles":["Anomaly Service","detectAnomaly"],"duration":1,"failing":false,"failureDetails":[],"failureMessages":[],"fullName":"Anomaly Service detectAnomaly creates an alert with WARNING or CRITICAL severity when an anomaly is detected","invocations":1,"location":null,"numPassingAsserts":1,"retryReasons":[],"startAt":1772821824786,"status":"passed","title":"creates an alert with WARNING or CRITICAL severity when an anomaly is detected"},{"ancestorTitles":["Anomaly Service","detectAnomaly"],"duration":1,"failing":false,"failureDetails":[],"failureMessages":[],"fullName":"Anomaly Service detectAnomaly creates a CRITICAL alert when KL divergence exceeds 2x threshold (>1.0)","invocations":1,"location":null,"numPassingAsserts":2,"retryReasons":[],"startAt":1772821824787,"status":"passed","title":"creates a CRITICAL alert when KL divergence exceeds 2x threshold (>1.0)"},{"ancestorTitles":["Anomaly Service","detectAnomaly"],"duration":1,"failing":false,"failureDetails":[],"failureMessages":[],"fullName":"Anomaly Service detectAnomaly includes metric name and storeId in the created alert","invocations":1,"location":null,"numPassingAsserts":2,"retryReasons":[],"startAt":1772821824788,"status":"passed","title":"includes metric name and storeId in the created alert"},{"ancestorTitles":["Anomaly Service","detectAnomaly"],"duration":0,"failing":false,"failureDetails":[],"failureMessages":[],"fullName":"Anomaly Service detectAnomaly returns correct metric name, currentMean, and baselineMean","invocations":1,"location":null,"numPassingAsserts":3,"retryReasons":[],"startAt":1772821824789,"status":"passed","title":"returns correct metric name, currentMean, and baselineMean"},{"ancestorTitles":["Anomaly Service","detectAnomaly"],"duration":1,"failing":false,"failureDetails":[],"failureMessages":[],"fullName":"Anomaly Service detectAnomaly uses null storeId when none is provided","invocations":1,"location":null,"numPassingAsserts":1,"retryReasons":[],"startAt":1772821824789,"status":"passed","title":"uses null storeId when none is provided"},{"ancestorTitles":["Anomaly Service","recordMetric"],"duration":0,"failing":false,"failureDetails":[],"failureMessages":[],"fullName":"Anomaly Service recordMetric creates a metric snapshot with all provided fields","invocations":1,"location":null,"numPassingAsserts":1,"retryReasons":[],"startAt":1772821824790,"status":"passed","title":"creates a metric snapshot with all provided fields"},{"ancestorTitles":["Anomaly Service","recordMetric"],"duration":0,"failing":false,"failureDetails":[],"failureMessages":[],"fullName":"Anomaly Service recordMetric uses null storeId and empty tags when not provided","invocations":1,"location":null,"numPassingAsserts":1,"retryReasons":[],"startAt":1772821824790,"status":"passed","title":"uses null storeId and empty tags when not provided"},{"ancestorTitles":["Anomaly Service","getRecentAlerts"],"duration":1,"failing":false,"failureDetails":[],"failureMessages":[],"fullName":"Anomaly Service getRecentAlerts returns alerts ordered by createdAt descending","invocations":1,"location":null,"numPassingAsserts":2,"retryReasons":[],"startAt":1772821824790,"status":"passed","title":"returns alerts ordered by createdAt descending"},{"ancestorTitles":["Anomaly Service","getRecentAlerts"],"duration":1,"failing":false,"failureDetails":[],"failureMessages":[],"fullName":"Anomaly Service getRecentAlerts defaults to 50 alerts when limit is not specified","invocations":1,"location":null,"numPassingAsserts":1,"retryReasons":[],"startAt":1772821824791,"status":"passed","title":"defaults to 50 alerts when limit is not specified"},{"ancestorTitles":["Anomaly Service","getMetricHistory"],"duration":1,"failing":false,"failureDetails":[],"failureMessages":[],"fullName":"Anomaly Service getMetricHistory queries snapshots for the given metric and store within the time window","invocations":1,"location":null,"numPassingAsserts":4,"retryReasons":[],"startAt":1772821824792,"status":"passed","title":"queries snapshots for the given metric and store within the time window"},{"ancestorTitles":["Anomaly Service","getMetricHistory"],"duration":1,"failing":false,"failureDetails":[],"failureMessages":[],"fullName":"Anomaly Service getMetricHistory uses null storeId when store is not provided","invocations":1,"location":null,"numPassingAsserts":1,"retryReasons":[],"startAt":1772821824794,"status":"passed","title":"uses null storeId when store is not provided"},{"ancestorTitles":["Anomaly Service","getMetricHistory"],"duration":1,"failing":false,"failureDetails":[],"failureMessages":[],"fullName":"Anomaly Service getMetricHistory computes the from date based on the hours parameter","invocations":1,"location":null,"numPassingAsserts":2,"retryReasons":[],"startAt":1772821824795,"status":"passed","title":"computes the from date based on the hours parameter"}],"endTime":1772821824799,"message":"","name":"/Users/noahweirdo/ecommerce-builder/services/api/src/services/anomaly.test.ts","startTime":1772821817545,"status":"passed","summary":""},{"assertionResults":[{"ancestorTitles":["ProductService","listProducts"],"duration":12,"failing":false,"failureDetails":[],"failureMessages":[],"fullName":"ProductService listProducts returns products, total, and categories with default params","invocations":1,"location":null,"numPassingAsserts":3,"retryReasons":[],"startAt":1772821825282,"status":"passed","title":"returns products, total, and categories with default params"},{"ancestorTitles":["ProductService","listProducts"],"duration":1,"failing":false,"failureDetails":[],"failureMessages":[],"fullName":"ProductService listProducts applies category filter to the query","invocations":1,"location":null,"numPassingAsserts":1,"retryReasons":[],"startAt":1772821825294,"status":"passed","title":"applies category filter to the query"},{"ancestorTitles":["ProductService","listProducts"],"duration":0,"failing":false,"failureDetails":[],"failureMessages":[],"fullName":"ProductService listProducts applies featured filter when featured=true","invocations":1,"location":null,"numPassingAsserts":1,"retryReasons":[],"startAt":1772821825295,"status":"passed","title":"applies featured filter when featured=true"},{"ancestorTitles":["ProductService","listProducts"],"duration":2,"failing":false,"failureDetails":[],"failureMessages":[],"fullName":"ProductService listProducts builds OR search filter across name, description, and tags","invocations":1,"location":null,"numPassingAsserts":4,"retryReasons":[],"startAt":1772821825296,"status":"passed","title":"builds OR search filter across name, description, and tags"},{"ancestorTitles":["ProductService","listProducts"],"duration":0,"failing":false,"failureDetails":[],"failureMessages":[],"fullName":"ProductService listProducts applies B2B price override for authenticated users with a company price list","invocations":1,"location":null,"numPassingAsserts":1,"retryReasons":[],"startAt":1772821825298,"status":"passed","title":"applies B2B price override for authenticated users with a company price list"},{"ancestorTitles":["ProductService","listProducts"],"duration":1,"failing":false,"failureDetails":[],"failureMessages":[],"fullName":"ProductService listProducts does not apply price override when user has no company","invocations":1,"location":null,"numPassingAsserts":1,"retryReasons":[],"startAt":1772821825298,"status":"passed","title":"does not apply price override when user has no company"},{"ancestorTitles":["ProductService","listProducts"],"duration":0,"failing":false,"failureDetails":[],"failureMessages":[],"fullName":"ProductService listProducts filters out null categories from the categories list","invocations":1,"location":null,"numPassingAsserts":1,"retryReasons":[],"startAt":1772821825299,"status":"passed","title":"filters out null categories from the categories list"},{"ancestorTitles":["ProductService","getProductById"],"duration":1,"failing":false,"failureDetails":[],"failureMessages":[],"fullName":"ProductService getProductById returns the product when found","invocations":1,"location":null,"numPassingAsserts":2,"retryReasons":[],"startAt":1772821825299,"status":"passed","title":"returns the product when found"},{"ancestorTitles":["ProductService","getProductById"],"duration":16,"failing":false,"failureDetails":[],"failureMessages":[],"fullName":"ProductService getProductById throws NotFoundError when the product does not exist","invocations":1,"location":null,"numPassingAsserts":1,"retryReasons":[],"startAt":1772821825300,"status":"passed","title":"throws NotFoundError when the product does not exist"},{"ancestorTitles":["ProductService","getProductById"],"duration":0,"failing":false,"failureDetails":[],"failureMessages":[],"fullName":"ProductService getProductById applies price override for authenticated USER with a company price list","invocations":1,"location":null,"numPassingAsserts":1,"retryReasons":[],"startAt":1772821825316,"status":"passed","title":"applies price override for authenticated USER with a company price list"},{"ancestorTitles":["ProductService","getProductById"],"duration":1,"failing":false,"failureDetails":[],"failureMessages":[],"fullName":"ProductService getProductById does not apply price override when product not in price list","invocations":1,"location":null,"numPassingAsserts":1,"retryReasons":[],"startAt":1772821825316,"status":"passed","title":"does not apply price override when product not in price list"},{"ancestorTitles":["ProductService","createProduct"],"duration":1,"failing":false,"failureDetails":[],"failureMessages":[],"fullName":"ProductService createProduct creates a product with the storeId attached","invocations":1,"location":null,"numPassingAsserts":2,"retryReasons":[],"startAt":1772821825317,"status":"passed","title":"creates a product with the storeId attached"},{"ancestorTitles":["ProductService","updateProduct"],"duration":0,"failing":false,"failureDetails":[],"failureMessages":[],"fullName":"ProductService updateProduct updates and returns the product when found","invocations":1,"location":null,"numPassingAsserts":1,"retryReasons":[],"startAt":1772821825318,"status":"passed","title":"updates and returns the product when found"},{"ancestorTitles":["ProductService","updateProduct"],"duration":1,"failing":false,"failureDetails":[],"failureMessages":[],"fullName":"ProductService updateProduct throws NotFoundError when the product does not exist","invocations":1,"location":null,"numPassingAsserts":1,"retryReasons":[],"startAt":1772821825318,"status":"passed","title":"throws NotFoundError when the product does not exist"},{"ancestorTitles":["ProductService","deleteProduct"],"duration":0,"failing":false,"failureDetails":[],"failureMessages":[],"fullName":"ProductService deleteProduct soft-deletes the product by setting active to false","invocations":1,"location":null,"numPassingAsserts":2,"retryReasons":[],"startAt":1772821825319,"status":"passed","title":"soft-deletes the product by setting active to false"},{"ancestorTitles":["ProductService","deleteProduct"],"duration":0,"failing":false,"failureDetails":[],"failureMessages":[],"fullName":"ProductService deleteProduct throws NotFoundError when the product does not exist","invocations":1,"location":null,"numPassingAsserts":1,"retryReasons":[],"startAt":1772821825319,"status":"passed","title":"throws NotFoundError when the product does not exist"},{"ancestorTitles":["ProductService","generate3dModel"],"duration":1,"failing":false,"failureDetails":[],"failureMessages":[],"fullName":"ProductService generate3dModel throws NotFoundError when product is not found","invocations":1,"location":null,"numPassingAsserts":1,"retryReasons":[],"startAt":1772821825319,"status":"passed","title":"throws NotFoundError when product is not found"},{"ancestorTitles":["ProductService","generate3dModel"],"duration":1,"failing":false,"failureDetails":[],"failureMessages":[],"fullName":"ProductService generate3dModel throws an error when product has no images","invocations":1,"location":null,"numPassingAsserts":1,"retryReasons":[],"startAt":1772821825320,"status":"passed","title":"throws an error when product has no images"},{"ancestorTitles":["ProductService","generate3dModel"],"duration":1,"failing":false,"failureDetails":[],"failureMessages":[],"fullName":"ProductService generate3dModel returns a started message when product has images","invocations":1,"location":null,"numPassingAsserts":1,"retryReasons":[],"startAt":1772821825321,"status":"passed","title":"returns a started message when product has images"},{"ancestorTitles":["ProductService","batchGetProducts"],"duration":1,"failing":false,"failureDetails":[],"failureMessages":[],"fullName":"ProductService batchGetProducts returns the matching products for the given IDs","invocations":1,"location":null,"numPassingAsserts":2,"retryReasons":[],"startAt":1772821825322,"status":"passed","title":"returns the matching products for the given IDs"},{"ancestorTitles":["ProductService","batchGetProducts"],"duration":0,"failing":false,"failureDetails":[],"failureMessages":[],"fullName":"ProductService batchGetProducts applies price override for authenticated USER with a company price list","invocations":1,"location":null,"numPassingAsserts":1,"retryReasons":[],"startAt":1772821825323,"status":"passed","title":"applies price override for authenticated USER with a company price list"},{"ancestorTitles":["ProductService","bulkImportProducts"],"duration":0,"failing":false,"failureDetails":[],"failureMessages":[],"fullName":"ProductService bulkImportProducts creates multiple products and returns the count","invocations":1,"location":null,"numPassingAsserts":2,"retryReasons":[],"startAt":1772821825323,"status":"passed","title":"creates multiple products and returns the count"}],"endTime":1772821825324,"message":"","name":"/Users/noahweirdo/ecommerce-builder/services/api/src/services/product.service.test.ts","startTime":1772821817546,"status":"passed","summary":""},{"assertionResults":[{"ancestorTitles":["Auth Routes","POST /login (Store Admin)"],"duration":80,"failing":false,"failureDetails":[],"failureMessages":[],"fullName":"Auth Routes POST /login (Store Admin) should login a store admin and return a token","invocations":1,"location":null,"numPassingAsserts":4,"retryReasons":[],"startAt":1772821826066,"status":"passed","title":"should login a store admin and return a token"},{"ancestorTitles":["Auth Routes","POST /login (Store Admin)"],"duration":4,"failing":false,"failureDetails":[],"failureMessages":[],"fullName":"Auth Routes POST /login (Store Admin) should return 401 for invalid store admin password","invocations":1,"location":null,"numPassingAsserts":2,"retryReasons":[],"startAt":1772821826146,"status":"passed","title":"should return 401 for invalid store admin password"},{"ancestorTitles":["Auth Routes","POST /login (Store Admin)"],"duration":5,"failing":false,"failureDetails":[],"failureMessages":[],"fullName":"Auth Routes POST /login (Store Admin) should return 400 for invalid email format","invocations":1,"location":null,"numPassingAsserts":2,"retryReasons":[],"startAt":1772821826150,"status":"passed","title":"should return 400 for invalid email format"},{"ancestorTitles":["Auth Routes","POST /login (Store Admin)"],"duration":3,"failing":false,"failureDetails":[],"failureMessages":[],"fullName":"Auth Routes POST /login (Store Admin) should return 400 for missing required fields","invocations":1,"location":null,"numPassingAsserts":2,"retryReasons":[],"startAt":1772821826155,"status":"passed","title":"should return 400 for missing required fields"},{"ancestorTitles":["Auth Routes","POST /login (Store Admin)"],"duration":3,"failing":false,"failureDetails":[],"failureMessages":[],"fullName":"Auth Routes POST /login (Store Admin) should return 401 for inactive store login attempt","invocations":1,"location":null,"numPassingAsserts":2,"retryReasons":[],"startAt":1772821826158,"status":"passed","title":"should return 401 for inactive store login attempt"},{"ancestorTitles":["Auth Routes","POST /login (Store Admin)"],"duration":1,"failing":false,"failureDetails":[],"failureMessages":[],"fullName":"Auth Routes POST /login (Store Admin) should return 401 for inactive user login attempt","invocations":1,"location":null,"numPassingAsserts":2,"retryReasons":[],"startAt":1772821826161,"status":"passed","title":"should return 401 for inactive user login attempt"},{"ancestorTitles":["Auth Routes","POST /login (Super Admin)"],"duration":37,"failing":false,"failureDetails":[],"failureMessages":[],"fullName":"Auth Routes POST /login (Super Admin) should login a super admin and return a token","invocations":1,"location":null,"numPassingAsserts":3,"retryReasons":[],"startAt":1772821826162,"status":"passed","title":"should login a super admin and return a token"},{"ancestorTitles":["Auth Routes","POST /login (Super Admin)"],"duration":32,"failing":false,"failureDetails":[],"failureMessages":[],"fullName":"Auth Routes POST /login (Super Admin) should return 401 for invalid super admin password","invocations":1,"location":null,"numPassingAsserts":2,"retryReasons":[],"startAt":1772821826199,"status":"passed","title":"should return 401 for invalid super admin password"},{"ancestorTitles":["Auth Routes","POST /register"],"duration":6,"failing":false,"failureDetails":[],"failureMessages":[],"fullName":"Auth Routes POST /register should register a new user and store","invocations":1,"location":null,"numPassingAsserts":3,"retryReasons":[],"startAt":1772821826231,"status":"passed","title":"should register a new user and store"},{"ancestorTitles":["Auth Routes","POST /register"],"duration":26,"failing":false,"failureDetails":[],"failureMessages":[],"fullName":"Auth Routes POST /register should return 409 if store slug is taken","invocations":1,"location":null,"numPassingAsserts":1,"retryReasons":[],"startAt":1772821826237,"status":"passed","title":"should return 409 if store slug is taken"},{"ancestorTitles":["Auth Routes","POST /register"],"duration":4,"failing":false,"failureDetails":[],"failureMessages":[],"fullName":"Auth Routes POST /register should return 400 for registration with short password","invocations":1,"location":null,"numPassingAsserts":2,"retryReasons":[],"startAt":1772821826263,"status":"passed","title":"should return 400 for registration with short password"},{"ancestorTitles":["Auth Routes","GET /me"],"duration":6,"failing":false,"failureDetails":[],"failureMessages":[],"fullName":"Auth Routes GET /me should return the current user profile","invocations":1,"location":null,"numPassingAsserts":2,"retryReasons":[],"startAt":1772821826268,"status":"passed","title":"should return the current user profile"},{"ancestorTitles":["Auth Routes","GET /me"],"duration":5,"failing":false,"failureDetails":[],"failureMessages":[],"fullName":"Auth Routes GET /me should return 401 for expired or invalid token","invocations":1,"location":null,"numPassingAsserts":2,"retryReasons":[],"startAt":1772821826275,"status":"passed","title":"should return 401 for expired or invalid token"}],"endTime":1772821826281,"message":"","name":"/Users/noahweirdo/ecommerce-builder/services/api/src/routes/auth.routes.test.ts","startTime":1772821817534,"status":"passed","summary":""},{"assertionResults":[{"ancestorTitles":["Order Routes","POST / (Create Order)"],"duration":64,"failing":false,"failureDetails":[],"failureMessages":[],"fullName":"Order Routes POST / (Create Order) should create an order with valid data","invocations":1,"location":null,"numPassingAsserts":7,"retryReasons":[],"startAt":1772821826289,"status":"passed","title":"should create an order with valid data"},{"ancestorTitles":["Order Routes","POST / (Create Order)"],"duration":6,"failing":false,"failureDetails":[],"failureMessages":[],"fullName":"Order Routes POST / (Create Order) should return 400 for insufficient stock","invocations":1,"location":null,"numPassingAsserts":2,"retryReasons":[],"startAt":1772821826353,"status":"passed","title":"should return 400 for insufficient stock"},{"ancestorTitles":["Order Routes","POST / (Create Order)"],"duration":140,"failing":false,"failureDetails":[],"failureMessages":[],"fullName":"Order Routes POST / (Create Order) should return 400 for invalid input","invocations":1,"location":null,"numPassingAsserts":1,"retryReasons":[],"startAt":1772821826359,"status":"passed","title":"should return 400 for invalid input"},{"ancestorTitles":["Order Routes","GET /:storeId/orders (Admin List)"],"duration":7,"failing":false,"failureDetails":[],"failureMessages":[],"fullName":"Order Routes GET /:storeId/orders (Admin List) should return a list of decrypted orders","invocations":1,"location":null,"numPassingAsserts":6,"retryReasons":[],"startAt":1772821826500,"status":"passed","title":"should return a list of decrypted orders"},{"ancestorTitles":["Order Routes","GET /:storeId/orders/:orderId (Admin Detail)"],"duration":5,"failing":false,"failureDetails":[],"failureMessages":[],"fullName":"Order Routes GET /:storeId/orders/:orderId (Admin Detail) should return a single decrypted order","invocations":1,"location":null,"numPassingAsserts":2,"retryReasons":[],"startAt":1772821826507,"status":"passed","title":"should return a single decrypted order"},{"ancestorTitles":["Order Routes","GET /:storeId/orders/:orderId (Admin Detail)"],"duration":4,"failing":false,"failureDetails":[],"failureMessages":[],"fullName":"Order Routes GET /:storeId/orders/:orderId (Admin Detail) should return 404 if order not found","invocations":1,"location":null,"numPassingAsserts":1,"retryReasons":[],"startAt":1772821826512,"status":"passed","title":"should return 404 if order not found"},{"ancestorTitles":["Order Routes","PATCH /:storeId/orders/:orderId/status (Admin Update)"],"duration":6,"failing":false,"failureDetails":[],"failureMessages":[],"fullName":"Order Routes PATCH /:storeId/orders/:orderId/status (Admin Update) should update an order status","invocations":1,"location":null,"numPassingAsserts":3,"retryReasons":[],"startAt":1772821826516,"status":"passed","title":"should update an order status"}],"endTime":1772821826524,"message":"","name":"/Users/noahweirdo/ecommerce-builder/services/api/src/routes/orders.test.ts","startTime":1772821817542,"status":"passed","summary":""},{"assertionResults":[{"ancestorTitles":["Product Routes","GET /:storeId/products"],"duration":54,"failing":false,"failureDetails":[],"failureMessages":[],"fullName":"Product Routes GET /:storeId/products should return a list of products with total and categories","invocations":1,"location":null,"numPassingAsserts":5,"retryReasons":[],"startAt":1772821826324,"status":"passed","title":"should return a list of products with total and categories"},{"ancestorTitles":["Product Routes","GET /:storeId/products"],"duration":5,"failing":false,"failureDetails":[],"failureMessages":[],"fullName":"Product Routes GET /:storeId/products should handle database errors gracefully","invocations":1,"location":null,"numPassingAsserts":3,"retryReasons":[],"startAt":1772821826378,"status":"passed","title":"should handle database errors gracefully"},{"ancestorTitles":["Product Routes","GET /:storeId/products/:productId"],"duration":4,"failing":false,"failureDetails":[],"failureMessages":[],"fullName":"Product Routes GET /:storeId/products/:productId should return a single product if found","invocations":1,"location":null,"numPassingAsserts":2,"retryReasons":[],"startAt":1772821826383,"status":"passed","title":"should return a single product if found"},{"ancestorTitles":["Product Routes","GET /:storeId/products/:productId"],"duration":116,"failing":false,"failureDetails":[],"failureMessages":[],"fullName":"Product Routes GET /:storeId/products/:productId should return 404 if product not found","invocations":1,"location":null,"numPassingAsserts":2,"retryReasons":[],"startAt":1772821826388,"status":"passed","title":"should return 404 if product not found"},{"ancestorTitles":["Product Routes","POST /:storeId/products"],"duration":110,"failing":false,"failureDetails":[],"failureMessages":[],"fullName":"Product Routes POST /:storeId/products should create a new product with valid data","invocations":1,"location":null,"numPassingAsserts":2,"retryReasons":[],"startAt":1772821826504,"status":"passed","title":"should create a new product with valid data"},{"ancestorTitles":["Product Routes","POST /:storeId/products"],"duration":131,"failing":false,"failureDetails":[],"failureMessages":[],"fullName":"Product Routes POST /:storeId/products should return 400 for invalid data","invocations":1,"location":null,"numPassingAsserts":2,"retryReasons":[],"startAt":1772821826614,"status":"passed","title":"should return 400 for invalid data"},{"ancestorTitles":["Product Routes","PUT /:storeId/products/:productId"],"duration":4,"failing":false,"failureDetails":[],"failureMessages":[],"fullName":"Product Routes PUT /:storeId/products/:productId should update an existing product","invocations":1,"location":null,"numPassingAsserts":2,"retryReasons":[],"startAt":1772821826745,"status":"passed","title":"should update an existing product"},{"ancestorTitles":["Product Routes","PUT /:storeId/products/:productId"],"duration":6,"failing":false,"failureDetails":[],"failureMessages":[],"fullName":"Product Routes PUT /:storeId/products/:productId should return 404 if product to update is not found","invocations":1,"location":null,"numPassingAsserts":1,"retryReasons":[],"startAt":1772821826749,"status":"passed","title":"should return 404 if product to update is not found"},{"ancestorTitles":["Product Routes","DELETE /:storeId/products/:productId"],"duration":4,"failing":false,"failureDetails":[],"failureMessages":[],"fullName":"Product Routes DELETE /:storeId/products/:productId should soft-delete a product","invocations":1,"location":null,"numPassingAsserts":3,"retryReasons":[],"startAt":1772821826755,"status":"passed","title":"should soft-delete a product"},{"ancestorTitles":["Product Routes","DELETE /:storeId/products/:productId"],"duration":3,"failing":false,"failureDetails":[],"failureMessages":[],"fullName":"Product Routes DELETE /:storeId/products/:productId should return 404 if product to delete is not found","invocations":1,"location":null,"numPassingAsserts":1,"retryReasons":[],"startAt":1772821826759,"status":"passed","title":"should return 404 if product to delete is not found"},{"ancestorTitles":["Product Routes","POST /:storeId/products/:productId/generate-3d"],"duration":8,"failing":false,"failureDetails":[],"failureMessages":[],"fullName":"Product Routes POST /:storeId/products/:productId/generate-3d should return 202 and simulate 3D generation if product has images","invocations":1,"location":null,"numPassingAsserts":3,"retryReasons":[],"startAt":1772821826762,"status":"passed","title":"should return 202 and simulate 3D generation if product has images"},{"ancestorTitles":["Product Routes","POST /:storeId/products/:productId/generate-3d"],"duration":3,"failing":false,"failureDetails":[],"failureMessages":[],"fullName":"Product Routes POST /:storeId/products/:productId/generate-3d should return 400 if product has no images","invocations":1,"location":null,"numPassingAsserts":2,"retryReasons":[],"startAt":1772821826770,"status":"passed","title":"should return 400 if product has no images"},{"ancestorTitles":["Product Routes","POST /:storeId/products/:productId/generate-3d"],"duration":3,"failing":false,"failureDetails":[],"failureMessages":[],"fullName":"Product Routes POST /:storeId/products/:productId/generate-3d should return 404 if product not found","invocations":1,"location":null,"numPassingAsserts":1,"retryReasons":[],"startAt":1772821826773,"status":"passed","title":"should return 404 if product not found"},{"ancestorTitles":["Product Routes","POST /:storeId/products/bulk-import"],"duration":4,"failing":false,"failureDetails":[],"failureMessages":[],"fullName":"Product Routes POST /:storeId/products/bulk-import should bulk import valid products","invocations":1,"location":null,"numPassingAsserts":3,"retryReasons":[],"startAt":1772821826776,"status":"passed","title":"should bulk import valid products"},{"ancestorTitles":["Product Routes","POST /:storeId/products/bulk-import"],"duration":3,"failing":false,"failureDetails":[],"failureMessages":[],"fullName":"Product Routes POST /:storeId/products/bulk-import should report errors for invalid products in the batch","invocations":1,"location":null,"numPassingAsserts":4,"retryReasons":[],"startAt":1772821826780,"status":"passed","title":"should report errors for invalid products in the batch"},{"ancestorTitles":["Product Routes","POST /:storeId/products/bulk-import"],"duration":11,"failing":false,"failureDetails":[],"failureMessages":[],"fullName":"Product Routes POST /:storeId/products/bulk-import should return 400 if products array is missing","invocations":1,"location":null,"numPassingAsserts":2,"retryReasons":[],"startAt":1772821826784,"status":"passed","title":"should return 400 if products array is missing"}],"endTime":1772821826797,"message":"","name":"/Users/noahweirdo/ecommerce-builder/services/api/src/routes/products.test.ts","startTime":1772821817555,"status":"passed","summary":""},{"assertionResults":[{"ancestorTitles":["Analytics Routes","GET /:storeId/analytics/dashboard"],"duration":67,"failing":false,"failureDetails":[],"failureMessages":[],"fullName":"Analytics Routes GET /:storeId/analytics/dashboard should return aggregated dashboard analytics for a store","invocations":1,"location":null,"numPassingAsserts":5,"retryReasons":[],"startAt":1772821827155,"status":"passed","title":"should return aggregated dashboard analytics for a store"},{"ancestorTitles":["Analytics Routes","GET /super/overview"],"duration":6,"failing":false,"failureDetails":[],"failureMessages":[],"fullName":"Analytics Routes GET /super/overview should return platform-wide analytics for super admin","invocations":1,"location":null,"numPassingAsserts":5,"retryReasons":[],"startAt":1772821827223,"status":"passed","title":"should return platform-wide analytics for super admin"},{"ancestorTitles":["Analytics Routes","GET /metrics/:metric"],"duration":7,"failing":false,"failureDetails":[],"failureMessages":[],"fullName":"Analytics Routes GET /metrics/:metric should call getMetricHistory with correct params","invocations":1,"location":null,"numPassingAsserts":3,"retryReasons":[],"startAt":1772821827229,"status":"passed","title":"should call getMetricHistory with correct params"},{"ancestorTitles":["Analytics Routes","GET /alerts"],"duration":33,"failing":false,"failureDetails":[],"failureMessages":[],"fullName":"Analytics Routes GET /alerts should fetch recent alerts","invocations":1,"location":null,"numPassingAsserts":3,"retryReasons":[],"startAt":1772821827237,"status":"passed","title":"should fetch recent alerts"},{"ancestorTitles":["Analytics Routes","PATCH /alerts/:alertId/acknowledge"],"duration":48,"failing":false,"failureDetails":[],"failureMessages":[],"fullName":"Analytics Routes PATCH /alerts/:alertId/acknowledge should acknowledge an alert","invocations":1,"location":null,"numPassingAsserts":3,"retryReasons":[],"startAt":1772821827270,"status":"passed","title":"should acknowledge an alert"}],"endTime":1772821827319,"message":"","name":"/Users/noahweirdo/ecommerce-builder/services/api/src/routes/analytics.test.ts","startTime":1772821824375,"status":"passed","summary":""},{"assertionResults":[{"ancestorTitles":["Tickets Routes","POST /:storeId/tickets"],"duration":71,"failing":false,"failureDetails":[],"failureMessages":[],"fullName":"Tickets Routes POST /:storeId/tickets should create a new ticket","invocations":1,"location":null,"numPassingAsserts":2,"retryReasons":[],"startAt":1772821827372,"status":"passed","title":"should create a new ticket"},{"ancestorTitles":["Tickets Routes","GET / (Super Admin)"],"duration":7,"failing":false,"failureDetails":[],"failureMessages":[],"fullName":"Tickets Routes GET / (Super Admin) should return all tickets grouped by status for kanban view","invocations":1,"location":null,"numPassingAsserts":3,"retryReasons":[],"startAt":1772821827443,"status":"passed","title":"should return all tickets grouped by status for kanban view"},{"ancestorTitles":["Tickets Routes","PATCH /:ticketId/status"],"duration":46,"failing":false,"failureDetails":[],"failureMessages":[],"fullName":"Tickets Routes PATCH /:ticketId/status should update a ticket status","invocations":1,"location":null,"numPassingAsserts":3,"retryReasons":[],"startAt":1772821827450,"status":"passed","title":"should update a ticket status"},{"ancestorTitles":["Tickets Routes","POST /:ticketId/comments"],"duration":5,"failing":false,"failureDetails":[],"failureMessages":[],"fullName":"Tickets Routes POST /:ticketId/comments should allow a super admin to post an internal comment","invocations":1,"location":null,"numPassingAsserts":1,"retryReasons":[],"startAt":1772821827496,"status":"passed","title":"should allow a super admin to post an internal comment"},{"ancestorTitles":["Tickets Routes","POST /:ticketId/comments"],"duration":6,"failing":false,"failureDetails":[],"failureMessages":[],"fullName":"Tickets Routes POST /:ticketId/comments should not allow a store admin to post an internal comment","invocations":1,"location":null,"numPassingAsserts":1,"retryReasons":[],"startAt":1772821827501,"status":"passed","title":"should not allow a store admin to post an internal comment"}],"endTime":1772821827507,"message":"","name":"/Users/noahweirdo/ecommerce-builder/services/api/src/routes/tickets.routes.test.ts","startTime":1772821824557,"status":"passed","summary":""},{"assertionResults":[{"ancestorTitles":["Encryption Service","encrypt/decrypt"],"duration":8,"failing":false,"failureDetails":[],"failureMessages":[],"fullName":"Encryption Service encrypt/decrypt should encrypt and decrypt a string back to its original value","invocations":1,"location":null,"numPassingAsserts":2,"retryReasons":[],"startAt":1772821827637,"status":"passed","title":"should encrypt and decrypt a string back to its original value"},{"ancestorTitles":["Encryption Service","encrypt/decrypt"],"duration":3,"failing":false,"failureDetails":[],"failureMessages":[],"fullName":"Encryption Service encrypt/decrypt should return an empty string if an empty string is provided to encrypt or decrypt","invocations":1,"location":null,"numPassingAsserts":2,"retryReasons":[],"startAt":1772821827646,"status":"passed","title":"should return an empty string if an empty string is provided to encrypt or decrypt"},{"ancestorTitles":["Encryption Service","encrypt/decrypt"],"duration":1,"failing":false,"failureDetails":[],"failureMessages":[],"fullName":"Encryption Service encrypt/decrypt should return an empty string on decryption failure from invalid format","invocations":1,"location":null,"numPassingAsserts":1,"retryReasons":[],"startAt":1772821827649,"status":"passed","title":"should return an empty string on decryption failure from invalid format"},{"ancestorTitles":["Encryption Service","encrypt/decrypt"],"duration":0,"failing":false,"failureDetails":[],"failureMessages":[],"fullName":"Encryption Service encrypt/decrypt should return an empty string on decryption failure from bad data","invocations":1,"location":null,"numPassingAsserts":1,"retryReasons":[],"startAt":1772821827650,"status":"passed","title":"should return an empty string on decryption failure from bad data"},{"ancestorTitles":["Encryption Service","anonymizeEmail"],"duration":1,"failing":false,"failureDetails":[],"failureMessages":[],"fullName":"Encryption Service anonymizeEmail should correctly anonymize a standard email address","invocations":1,"location":null,"numPassingAsserts":1,"retryReasons":[],"startAt":1772821827650,"status":"passed","title":"should correctly anonymize a standard email address"},{"ancestorTitles":["Encryption Service","anonymizeEmail"],"duration":0,"failing":false,"failureDetails":[],"failureMessages":[],"fullName":"Encryption Service anonymizeEmail should handle emails with subdomains","invocations":1,"location":null,"numPassingAsserts":1,"retryReasons":[],"startAt":1772821827651,"status":"passed","title":"should handle emails with subdomains"},{"ancestorTitles":["Encryption Service","anonymizeEmail"],"duration":0,"failing":false,"failureDetails":[],"failureMessages":[],"fullName":"Encryption Service anonymizeEmail should handle emails with no domain gracefully","invocations":1,"location":null,"numPassingAsserts":1,"retryReasons":[],"startAt":1772821827651,"status":"passed","title":"should handle emails with no domain gracefully"},{"ancestorTitles":["Encryption Service","anonymizeName"],"duration":1,"failing":false,"failureDetails":[],"failureMessages":[],"fullName":"Encryption Service anonymizeName should correctly anonymize a name","invocations":1,"location":null,"numPassingAsserts":1,"retryReasons":[],"startAt":1772821827651,"status":"passed","title":"should correctly anonymize a name"},{"ancestorTitles":["Encryption Service","hashForAnalytics"],"duration":2,"failing":false,"failureDetails":[],"failureMessages":[],"fullName":"Encryption Service hashForAnalytics should produce a consistent hash for the same input","invocations":1,"location":null,"numPassingAsserts":2,"retryReasons":[],"startAt":1772821827652,"status":"passed","title":"should produce a consistent hash for the same input"},{"ancestorTitles":["Encryption Service","hashForAnalytics"],"duration":0,"failing":false,"failureDetails":[],"failureMessages":[],"fullName":"Encryption Service hashForAnalytics should produce a different hash for different input","invocations":1,"location":null,"numPassingAsserts":1,"retryReasons":[],"startAt":1772821827654,"status":"passed","title":"should produce a different hash for different input"},{"ancestorTitles":["Encryption Service","hashForAnalytics"],"duration":3,"failing":false,"failureDetails":[],"failureMessages":[],"fullName":"Encryption Service hashForAnalytics should produce the same hash regardless of case and whitespace","invocations":1,"location":null,"numPassingAsserts":1,"retryReasons":[],"startAt":1772821827654,"status":"passed","title":"should produce the same hash regardless of case and whitespace"},{"ancestorTitles":["Encryption Service","encryptJson/decryptJson"],"duration":1,"failing":false,"failureDetails":[],"failureMessages":[],"fullName":"Encryption Service encryptJson/decryptJson should encrypt and decrypt a JSON object back to its original value","invocations":1,"location":null,"numPassingAsserts":2,"retryReasons":[],"startAt":1772821827657,"status":"passed","title":"should encrypt and decrypt a JSON object back to its original value"},{"ancestorTitles":["Encryption Service","encryptJson/decryptJson"],"duration":1,"failing":false,"failureDetails":[],"failureMessages":[],"fullName":"Encryption Service encryptJson/decryptJson should return null if decryption fails","invocations":1,"location":null,"numPassingAsserts":1,"retryReasons":[],"startAt":1772821827660,"status":"passed","title":"should return null if decryption fails"},{"ancestorTitles":["Encryption Service","encryptJson/decryptJson"],"duration":0,"failing":false,"failureDetails":[],"failureMessages":[],"fullName":"Encryption Service encryptJson/decryptJson should return null if the decrypted string is not valid JSON","invocations":1,"location":null,"numPassingAsserts":1,"retryReasons":[],"startAt":1772821827661,"status":"passed","title":"should return null if the decrypted string is not valid JSON"}],"endTime":1772821827662,"message":"","name":"/Users/noahweirdo/ecommerce-builder/services/api/src/services/encryption.test.ts","startTime":1772821827331,"status":"passed","summary":""},{"assertionResults":[{"ancestorTitles":["Logs Routes","GET /logs"],"duration":25,"failing":false,"failureDetails":[],"failureMessages":[],"fullName":"Logs Routes GET /logs should return a paginated list of logs","invocations":1,"location":null,"numPassingAsserts":4,"retryReasons":[],"startAt":1772821827789,"status":"passed","title":"should return a paginated list of logs"},{"ancestorTitles":["Logs Routes","GET /logs"],"duration":6,"failing":false,"failureDetails":[],"failureMessages":[],"fullName":"Logs Routes GET /logs should filter logs by level","invocations":1,"location":null,"numPassingAsserts":1,"retryReasons":[],"startAt":1772821827814,"status":"passed","title":"should filter logs by level"},{"ancestorTitles":["Logs Routes","GET /logs/stats"],"duration":3,"failing":false,"failureDetails":[],"failureMessages":[],"fullName":"Logs Routes GET /logs/stats should return log stats and trends","invocations":1,"location":null,"numPassingAsserts":3,"retryReasons":[],"startAt":1772821827820,"status":"passed","title":"should return log stats and trends"},{"ancestorTitles":["Logs Routes","emitLog"],"duration":1,"failing":false,"failureDetails":[],"failureMessages":[],"fullName":"Logs Routes emitLog should emit a log event to the super-admin-logs room if socket.io is configured","invocations":1,"location":null,"numPassingAsserts":2,"retryReasons":[],"startAt":1772821827823,"status":"passed","title":"should emit a log event to the super-admin-logs room if socket.io is configured"},{"ancestorTitles":["Logs Routes","emitLog"],"duration":0,"failing":false,"failureDetails":[],"failureMessages":[],"fullName":"Logs Routes emitLog should not throw an error if socket.io is not configured","invocations":1,"location":null,"numPassingAsserts":1,"retryReasons":[],"startAt":1772821827824,"status":"passed","title":"should not throw an error if socket.io is not configured"}],"endTime":1772821827826,"message":"","name":"/Users/noahweirdo/ecommerce-builder/services/api/src/routes/logs.routes.test.ts","startTime":1772821826294,"status":"passed","summary":""},{"assertionResults":[{"ancestorTitles":["Tier Middleware"],"duration":3,"failing":false,"failureDetails":[],"failureMessages":[],"fullName":"Tier Middleware blocks if storeId is missing","invocations":1,"location":null,"numPassingAsserts":3,"retryReasons":[],"startAt":1772821827836,"status":"passed","title":"blocks if storeId is missing"},{"ancestorTitles":["Tier Middleware"],"duration":1,"failing":false,"failureDetails":[],"failureMessages":[],"fullName":"Tier Middleware blocks if store is not found","invocations":1,"location":null,"numPassingAsserts":4,"retryReasons":[],"startAt":1772821827839,"status":"passed","title":"blocks if store is not found"},{"ancestorTitles":["Tier Middleware"],"duration":0,"failing":false,"failureDetails":[],"failureMessages":[],"fullName":"Tier Middleware allows access if tier is equal to required","invocations":1,"location":null,"numPassingAsserts":2,"retryReasons":[],"startAt":1772821827840,"status":"passed","title":"allows access if tier is equal to required"},{"ancestorTitles":["Tier Middleware"],"duration":1,"failing":false,"failureDetails":[],"failureMessages":[],"fullName":"Tier Middleware allows access if tier is higher than required","invocations":1,"location":null,"numPassingAsserts":2,"retryReasons":[],"startAt":1772821827840,"status":"passed","title":"allows access if tier is higher than required"},{"ancestorTitles":["Tier Middleware"],"duration":0,"failing":false,"failureDetails":[],"failureMessages":[],"fullName":"Tier Middleware blocks access if tier is lower than required","invocations":1,"location":null,"numPassingAsserts":3,"retryReasons":[],"startAt":1772821827841,"status":"passed","title":"blocks access if tier is lower than required"},{"ancestorTitles":["Tier Middleware"],"duration":1,"failing":false,"failureDetails":[],"failureMessages":[],"fullName":"Tier Middleware uses attached storeId from previous middleware if params.storeId is unavailable","invocations":1,"location":null,"numPassingAsserts":2,"retryReasons":[],"startAt":1772821827841,"status":"passed","title":"uses attached storeId from previous middleware if params.storeId is unavailable"}],"endTime":1772821827842,"message":"","name":"/Users/noahweirdo/ecommerce-builder/services/api/src/middleware/tier.test.ts","startTime":1772821826537,"status":"passed","summary":""},{"assertionResults":[{"ancestorTitles":["Chat Routes","POST /:storeId/chat"],"duration":87,"failing":false,"failureDetails":[],"failureMessages":[],"fullName":"Chat Routes POST /:storeId/chat should create a new session and return a chat response","invocations":1,"location":null,"numPassingAsserts":6,"retryReasons":[],"startAt":1772821827835,"status":"passed","title":"should create a new session and return a chat response"},{"ancestorTitles":["Chat Routes","POST /:storeId/chat"],"duration":7,"failing":false,"failureDetails":[],"failureMessages":[],"fullName":"Chat Routes POST /:storeId/chat should use an existing session and return a chat response","invocations":1,"location":null,"numPassingAsserts":4,"retryReasons":[],"startAt":1772821827923,"status":"passed","title":"should use an existing session and return a chat response"},{"ancestorTitles":["Chat Routes","POST /:storeId/chat"],"duration":4,"failing":false,"failureDetails":[],"failureMessages":[],"fullName":"Chat Routes POST /:storeId/chat should block off-topic queries and not call Gemini","invocations":1,"location":null,"numPassingAsserts":3,"retryReasons":[],"startAt":1772821827930,"status":"passed","title":"should block off-topic queries and not call Gemini"},{"ancestorTitles":["Chat Routes","POST /:storeId/chat/event-recommendations"],"duration":5,"failing":false,"failureDetails":[],"failureMessages":[],"fullName":"Chat Routes POST /:storeId/chat/event-recommendations should return enriched product recommendations","invocations":1,"location":null,"numPassingAsserts":4,"retryReasons":[],"startAt":1772821827935,"status":"passed","title":"should return enriched product recommendations"},{"ancestorTitles":["Chat Routes","GET /:storeId/chat/history/:sessionId"],"duration":13,"failing":false,"failureDetails":[],"failureMessages":[],"fullName":"Chat Routes GET /:storeId/chat/history/:sessionId should return chat history for a valid session","invocations":1,"location":null,"numPassingAsserts":3,"retryReasons":[],"startAt":1772821827940,"status":"passed","title":"should return chat history for a valid session"},{"ancestorTitles":["Chat Routes","GET /:storeId/chat/history/:sessionId"],"duration":4,"failing":false,"failureDetails":[],"failureMessages":[],"fullName":"Chat Routes GET /:storeId/chat/history/:sessionId should return 404 if session not found","invocations":1,"location":null,"numPassingAsserts":1,"retryReasons":[],"startAt":1772821827953,"status":"passed","title":"should return 404 if session not found"}],"endTime":1772821827957,"message":"","name":"/Users/noahweirdo/ecommerce-builder/services/api/src/routes/chat.routes.test.ts","startTime":1772821824148,"status":"passed","summary":""},{"assertionResults":[{"ancestorTitles":["Admin Gemini Service"],"duration":24,"failing":false,"failureDetails":[],"failureMessages":[],"fullName":"Admin Gemini Service should process a chat message and return text without actions","invocations":1,"location":null,"numPassingAsserts":4,"retryReasons":[],"startAt":1772821827922,"status":"passed","title":"should process a chat message and return text without actions"},{"ancestorTitles":["Admin Gemini Service"],"duration":1,"failing":false,"failureDetails":[],"failureMessages":[],"fullName":"Admin Gemini Service should parse an action block from the response","invocations":1,"location":null,"numPassingAsserts":2,"retryReasons":[],"startAt":1772821827946,"status":"passed","title":"should parse an action block from the response"},{"ancestorTitles":["Admin Gemini Service"],"duration":13,"failing":false,"failureDetails":[],"failureMessages":[],"fullName":"Admin Gemini Service should handle invalid JSON in an action block gracefully","invocations":1,"location":null,"numPassingAsserts":2,"retryReasons":[],"startAt":1772821827947,"status":"passed","title":"should handle invalid JSON in an action block gracefully"},{"ancestorTitles":["Admin Gemini Service"],"duration":1,"failing":false,"failureDetails":[],"failureMessages":[],"fullName":"Admin Gemini Service should handle errors thrown during chat generation","invocations":1,"location":null,"numPassingAsserts":2,"retryReasons":[],"startAt":1772821827960,"status":"passed","title":"should handle errors thrown during chat generation"},{"ancestorTitles":["Admin Gemini Service"],"duration":1,"failing":false,"failureDetails":[],"failureMessages":[],"fullName":"Admin Gemini Service should allow overriding the Gemini API key","invocations":1,"location":null,"numPassingAsserts":1,"retryReasons":[],"startAt":1772821827961,"status":"passed","title":"should allow overriding the Gemini API key"}],"endTime":1772821827962,"message":"","name":"/Users/noahweirdo/ecommerce-builder/services/api/src/services/admin-gemini.test.ts","startTime":1772821826820,"status":"passed","summary":""},{"assertionResults":[{"ancestorTitles":["Messages Routes","POST /:storeId/messages"],"duration":83,"failing":false,"failureDetails":[],"failureMessages":[],"fullName":"Messages Routes POST /:storeId/messages should create a new message and encrypt PII","invocations":1,"location":null,"numPassingAsserts":5,"retryReasons":[],"startAt":1772821827922,"status":"passed","title":"should create a new message and encrypt PII"},{"ancestorTitles":["Messages Routes","POST /:storeId/messages"],"duration":6,"failing":false,"failureDetails":[],"failureMessages":[],"fullName":"Messages Routes POST /:storeId/messages should return 404 if store not found","invocations":1,"location":null,"numPassingAsserts":1,"retryReasons":[],"startAt":1772821828006,"status":"passed","title":"should return 404 if store not found"},{"ancestorTitles":["Messages Routes","GET /:storeId/messages"],"duration":2,"failing":false,"failureDetails":[],"failureMessages":[],"fullName":"Messages Routes GET /:storeId/messages should return a list of decrypted messages","invocations":1,"location":null,"numPassingAsserts":4,"retryReasons":[],"startAt":1772821828012,"status":"passed","title":"should return a list of decrypted messages"},{"ancestorTitles":["Messages Routes","GET /:storeId/messages/:messageId"],"duration":2,"failing":false,"failureDetails":[],"failureMessages":[],"fullName":"Messages Routes GET /:storeId/messages/:messageId should return a single message and mark it as read","invocations":1,"location":null,"numPassingAsserts":3,"retryReasons":[],"startAt":1772821828014,"status":"passed","title":"should return a single message and mark it as read"},{"ancestorTitles":["Messages Routes","POST /:storeId/messages/:messageId/reply"],"duration":6,"failing":false,"failureDetails":[],"failureMessages":[],"fullName":"Messages Routes POST /:storeId/messages/:messageId/reply should create a reply for a message","invocations":1,"location":null,"numPassingAsserts":3,"retryReasons":[],"startAt":1772821828016,"status":"passed","title":"should create a reply for a message"}],"endTime":1772821828023,"message":"","name":"/Users/noahweirdo/ecommerce-builder/services/api/src/routes/messages.routes.test.ts","startTime":1772821824813,"status":"passed","summary":""},{"assertionResults":[{"ancestorTitles":["Store Routes","GET /:storeId"],"duration":32,"failing":false,"failureDetails":[],"failureMessages":[],"fullName":"Store Routes GET /:storeId should return a store if found and active","invocations":1,"location":null,"numPassingAsserts":2,"retryReasons":[],"startAt":1772821828016,"status":"passed","title":"should return a store if found and active"},{"ancestorTitles":["Store Routes","GET /:storeId"],"duration":2,"failing":false,"failureDetails":[],"failureMessages":[],"fullName":"Store Routes GET /:storeId should return 404 if store is not found","invocations":1,"location":null,"numPassingAsserts":1,"retryReasons":[],"startAt":1772821828048,"status":"passed","title":"should return 404 if store is not found"},{"ancestorTitles":["Store Routes","GET /:storeId"],"duration":2,"failing":false,"failureDetails":[],"failureMessages":[],"fullName":"Store Routes GET /:storeId should return 404 if store is not active","invocations":1,"location":null,"numPassingAsserts":1,"retryReasons":[],"startAt":1772821828050,"status":"passed","title":"should return 404 if store is not active"},{"ancestorTitles":["Store Routes","GET /slug/:slug"],"duration":2,"failing":false,"failureDetails":[],"failureMessages":[],"fullName":"Store Routes GET /slug/:slug should return a store by slug","invocations":1,"location":null,"numPassingAsserts":2,"retryReasons":[],"startAt":1772821828052,"status":"passed","title":"should return a store by slug"},{"ancestorTitles":["Store Routes","PUT /:storeId"],"duration":10,"failing":false,"failureDetails":[],"failureMessages":[],"fullName":"Store Routes PUT /:storeId should update store details with valid data","invocations":1,"location":null,"numPassingAsserts":2,"retryReasons":[],"startAt":1772821828054,"status":"passed","title":"should update store details with valid data"},{"ancestorTitles":["Store Routes","PUT /:storeId"],"duration":2,"failing":false,"failureDetails":[],"failureMessages":[],"fullName":"Store Routes PUT /:storeId should return 400 for invalid data","invocations":1,"location":null,"numPassingAsserts":1,"retryReasons":[],"startAt":1772821828064,"status":"passed","title":"should return 400 for invalid data"},{"ancestorTitles":["Store Routes","PUT /:storeId/settings"],"duration":3,"failing":false,"failureDetails":[],"failureMessages":[],"fullName":"Store Routes PUT /:storeId/settings should update settings and encrypt secrets","invocations":1,"location":null,"numPassingAsserts":6,"retryReasons":[],"startAt":1772821828066,"status":"passed","title":"should update settings and encrypt secrets"},{"ancestorTitles":["Store Routes","GET / (Super Admin)"],"duration":1,"failing":false,"failureDetails":[],"failureMessages":[],"fullName":"Store Routes GET / (Super Admin) should return a list of all stores","invocations":1,"location":null,"numPassingAsserts":3,"retryReasons":[],"startAt":1772821828069,"status":"passed","title":"should return a list of all stores"},{"ancestorTitles":["Store Routes","PATCH /:storeId/active (Super Admin)"],"duration":2,"failing":false,"failureDetails":[],"failureMessages":[],"fullName":"Store Routes PATCH /:storeId/active (Super Admin) should toggle the active state of a store","invocations":1,"location":null,"numPassingAsserts":3,"retryReasons":[],"startAt":1772821828070,"status":"passed","title":"should toggle the active state of a store"}],"endTime":1772821828072,"message":"","name":"/Users/noahweirdo/ecommerce-builder/services/api/src/routes/stores.test.ts","startTime":1772821824773,"status":"passed","summary":""},{"assertionResults":[{"ancestorTitles":["Pages Routes","GET /:storeId/pages"],"duration":9,"failing":false,"failureDetails":[],"failureMessages":[],"fullName":"Pages Routes GET /:storeId/pages should return a list of pages for the store","invocations":1,"location":null,"numPassingAsserts":3,"retryReasons":[],"startAt":1772821828129,"status":"passed","title":"should return a list of pages for the store"},{"ancestorTitles":["Pages Routes","GET /:storeId/layout/generate"],"duration":1,"failing":false,"failureDetails":[],"failureMessages":[],"fullName":"Pages Routes GET /:storeId/layout/generate should return 403 for non-Enterprise tiers","invocations":1,"location":null,"numPassingAsserts":1,"retryReasons":[],"startAt":1772821828138,"status":"passed","title":"should return 403 for non-Enterprise tiers"},{"ancestorTitles":["Pages Routes","GET /:storeId/layout/generate"],"duration":1,"failing":false,"failureDetails":[],"failureMessages":[],"fullName":"Pages Routes GET /:storeId/layout/generate should return a layout for Enterprise tier","invocations":1,"location":null,"numPassingAsserts":3,"retryReasons":[],"startAt":1772821828139,"status":"passed","title":"should return a layout for Enterprise tier"},{"ancestorTitles":["Pages Routes","GET /:storeId/pages/:slug"],"duration":1,"failing":false,"failureDetails":[],"failureMessages":[],"fullName":"Pages Routes GET /:storeId/pages/:slug should return a published page to the public","invocations":1,"location":null,"numPassingAsserts":2,"retryReasons":[],"startAt":1772821828140,"status":"passed","title":"should return a published page to the public"},{"ancestorTitles":["Pages Routes","GET /:storeId/pages/:slug"],"duration":2,"failing":false,"failureDetails":[],"failureMessages":[],"fullName":"Pages Routes GET /:storeId/pages/:slug should return 404 for an unpublished page to the public","invocations":1,"location":null,"numPassingAsserts":1,"retryReasons":[],"startAt":1772821828141,"status":"passed","title":"should return 404 for an unpublished page to the public"},{"ancestorTitles":["Pages Routes","GET /:storeId/pages/:slug"],"duration":1,"failing":false,"failureDetails":[],"failureMessages":[],"fullName":"Pages Routes GET /:storeId/pages/:slug should return an unpublished page to an admin","invocations":1,"location":null,"numPassingAsserts":2,"retryReasons":[],"startAt":1772821828143,"status":"passed","title":"should return an unpublished page to an admin"},{"ancestorTitles":["Pages Routes","POST /:storeId/pages"],"duration":4,"failing":false,"failureDetails":[],"failureMessages":[],"fullName":"Pages Routes POST /:storeId/pages should create a new page","invocations":1,"location":null,"numPassingAsserts":2,"retryReasons":[],"startAt":1772821828144,"status":"passed","title":"should create a new page"},{"ancestorTitles":["Pages Routes","PUT /:storeId/pages/:pageId"],"duration":2,"failing":false,"failureDetails":[],"failureMessages":[],"fullName":"Pages Routes PUT /:storeId/pages/:pageId should update a page","invocations":1,"location":null,"numPassingAsserts":2,"retryReasons":[],"startAt":1772821828148,"status":"passed","title":"should update a page"},{"ancestorTitles":["Pages Routes","POST /:storeId/pages/:pageId/publish"],"duration":1,"failing":false,"failureDetails":[],"failureMessages":[],"fullName":"Pages Routes POST /:storeId/pages/:pageId/publish should update the published status of a page","invocations":1,"location":null,"numPassingAsserts":2,"retryReasons":[],"startAt":1772821828150,"status":"passed","title":"should update the published status of a page"},{"ancestorTitles":["Pages Routes","POST /:storeId/configure"],"duration":2,"failing":false,"failureDetails":[],"failureMessages":[],"fullName":"Pages Routes POST /:storeId/configure should mark a store as configured","invocations":1,"location":null,"numPassingAsserts":2,"retryReasons":[],"startAt":1772821828151,"status":"passed","title":"should mark a store as configured"}],"endTime":1772821828153,"message":"","name":"/Users/noahweirdo/ecommerce-builder/services/api/src/routes/pages.routes.test.ts","startTime":1772821825333,"status":"passed","summary":""}],"wasInterrupted":false}
